<?xml version="1.0" encoding="UTF-8"?>
<testsuite xmlns:xsi="http://www.w3.org/2001/XMLSchema-instance" xsi:noNamespaceSchemaLocation="https://maven.apache.org/surefire/maven-surefire-plugin/xsd/surefire-test-report-3.0.xsd" version="3.0" name="org.example.OrderProcessorTest" time="0.097" tests="6" errors="0" skipped="0" failures="0">
  <properties>
[...]
</properties>
  <testcase name="testNegativeQuantity" classname="org.example.OrderProcessorTest" time="0.023"/>
  <testcase name="testUnder50" classname="org.example.OrderProcessorTest" time="0.003"/>
  <testcase name="TestOver100" classname="org.example.OrderProcessorTest" time="0.002"/>
  <testcase name="testDiscount" classname="org.example.OrderProcessorTest" time="0.002"/>
  <testcase name="testNegativePrice" classname="org.example.OrderProcessorTest" time="0.0"/>
  <testcase name="testNoItems" classname="org.example.OrderProcessorTest" time="0.003"/>
</testsuite>